[    16.040] (WW) Failed to open protocol names file lib/xorg/protocol.txt
[    16.041] 
X.Org X Server 1.20.3
X Protocol Version 11, Revision 0
[    16.041] Build Operating System: Linux Arch Linux
[    16.041] Current Operating System: Linux archd 4.20.6-arch1-1-ARCH #1 SMP PREEMPT Thu Jan 31 08:22:01 UTC 2019 x86_64
[    16.041] Kernel command line: BOOT_IMAGE=/boot/vmlinuz-linux root=UUID=779873d7-8e60-418b-ace1-02094b4b8bfb rw quiet
[    16.041] Build Date: 25 October 2018  04:42:32PM
[    16.041]  
[    16.041] Current version of pixman: 0.36.0
[    16.041] 	Before reporting problems, check http://wiki.x.org
	to make sure that you have the latest version.
[    16.041] Markers: (--) probed, (**) from config file, (==) default setting,
	(++) from command line, (!!) notice, (II) informational,
	(WW) warning, (EE) error, (NI) not implemented, (??) unknown.
[    16.042] (==) Log file: "/home/phakey/.local/share/xorg/Xorg.0.log", Time: Wed Feb  6 18:17:28 2019
[    16.043] (==) Using config directory: "/etc/X11/xorg.conf.d"
[    16.043] (==) Using system config directory "/usr/share/X11/xorg.conf.d"
[    16.044] (==) No Layout section.  Using the first Screen section.
[    16.044] (==) No screen section available. Using defaults.
[    16.044] (**) |-->Screen "Default Screen Section" (0)
[    16.044] (**) |   |-->Monitor "<default monitor>"
[    16.045] (==) No monitor specified for screen "Default Screen Section".
	Using a default monitor configuration.
[    16.045] (==) Automatically adding devices
[    16.045] (==) Automatically enabling devices
[    16.045] (==) Automatically adding GPU devices
[    16.045] (==) Automatically binding GPU devices
[    16.045] (==) Max clients allowed: 256, resource mask: 0x1fffff
[    16.048] (WW) The directory "/usr/share/fonts/Type1" does not exist.
[    16.048] 	Entry deleted from font path.
[    16.049] (==) FontPath set to:
	/usr/share/fonts/misc,
	/usr/share/fonts/TTF,
	/usr/share/fonts/OTF,
	/usr/share/fonts/100dpi,
	/usr/share/fonts/75dpi
[    16.049] (==) ModulePath set to "/usr/lib/xorg/modules"
[    16.049] (II) The server relies on udev to provide the list of input devices.
	If no devices become available, reconfigure udev or disable AutoAddDevices.
[    16.049] (II) Module ABI versions:
[    16.049] 	X.Org ANSI C Emulation: 0.4
[    16.049] 	X.Org Video Driver: 24.0
[    16.050] 	X.Org XInput driver : 24.1
[    16.050] 	X.Org Server Extension : 10.0
[    16.050] (++) using VT number 1

[    16.052] (II) systemd-logind: took control of session /org/freedesktop/login1/session/_31
[    16.053] (II) xfree86: Adding drm device (/dev/dri/card0)
[    16.053] (II) systemd-logind: got fd for /dev/dri/card0 226:0 fd 10 paused 0
[    16.055] (--) PCI:*(0@0:2:0) 8086:0a16:17aa:2217 rev 11, Mem @ 0xf0000000/4194304, 0xe0000000/268435456, I/O @ 0x00003000/64, BIOS @ 0x????????/131072
[    16.055] (WW) Open ACPI failed (/var/run/acpid.socket) (No such file or directory)
[    16.055] (II) LoadModule: "glx"
[    16.056] (II) Loading /usr/lib/xorg/modules/extensions/libglx.so
[    16.065] (II) Module glx: vendor="X.Org Foundation"
[    16.065] 	compiled for 1.20.3, module version = 1.0.0
[    16.065] 	ABI class: X.Org Server Extension, version 10.0
[    16.065] (==) Matched intel as autoconfigured driver 0
[    16.065] (==) Matched modesetting as autoconfigured driver 1
[    16.065] (==) Matched fbdev as autoconfigured driver 2
[    16.065] (==) Matched vesa as autoconfigured driver 3
[    16.065] (==) Assigned the driver to the xf86ConfigLayout
[    16.065] (II) LoadModule: "intel"
[    16.065] (II) Loading /usr/lib/xorg/modules/drivers/intel_drv.so
[    16.068] (II) Module intel: vendor="X.Org Foundation"
[    16.068] 	compiled for 1.20.3, module version = 2.99.917
[    16.068] 	Module class: X.Org Video Driver
[    16.068] 	ABI class: X.Org Video Driver, version 24.0
[    16.068] (II) LoadModule: "modesetting"
[    16.068] (II) Loading /usr/lib/xorg/modules/drivers/modesetting_drv.so
[    16.070] (II) Module modesetting: vendor="X.Org Foundation"
[    16.070] 	compiled for 1.20.3, module version = 1.20.3
[    16.070] 	Module class: X.Org Video Driver
[    16.070] 	ABI class: X.Org Video Driver, version 24.0
[    16.070] (II) LoadModule: "fbdev"
[    16.071] (WW) Warning, couldn't open module fbdev
[    16.071] (EE) Failed to load module "fbdev" (module does not exist, 0)
[    16.071] (II) LoadModule: "vesa"
[    16.071] (II) Loading /usr/lib/xorg/modules/drivers/vesa_drv.so
[    16.072] (II) Module vesa: vendor="X.Org Foundation"
[    16.072] 	compiled for 1.20.0, module version = 2.4.0
[    16.072] 	Module class: X.Org Video Driver
[    16.072] 	ABI class: X.Org Video Driver, version 24.0
[    16.072] (II) intel: Driver for Intel(R) Integrated Graphics Chipsets:
	i810, i810-dc100, i810e, i815, i830M, 845G, 854, 852GM/855GM, 865G,
	915G, E7221 (i915), 915GM, 945G, 945GM, 945GME, Pineview GM,
	Pineview G, 965G, G35, 965Q, 946GZ, 965GM, 965GME/GLE, G33, Q35, Q33,
	GM45, 4 Series, G45/G43, Q45/Q43, G41, B43
[    16.072] (II) intel: Driver for Intel(R) HD Graphics
[    16.072] (II) intel: Driver for Intel(R) Iris(TM) Graphics
[    16.072] (II) intel: Driver for Intel(R) Iris(TM) Pro Graphics
[    16.072] (II) modesetting: Driver for Modesetting Kernel Drivers: kms
[    16.072] (II) VESA: driver for VESA chipsets: vesa
[    16.072] xf86EnableIOPorts: failed to set IOPL for I/O (Operation not permitted)
[    16.073] (II) intel(0): Using Kernel Mode Setting driver: i915, version 1.6.0 20180921
[    16.073] (II) intel(0): SNA compiled from 2.99.917-859-g33ee0c3b
[    16.088] (WW) Falling back to old probe method for modesetting
[    16.089] (WW) VGA arbiter: cannot open kernel arbiter, no multi-card support
[    16.089] (--) intel(0): Integrated Graphics Chipset: Intel(R) HD Graphics 4400
[    16.089] (--) intel(0): CPU: x86-64, sse2, sse3, ssse3, sse4.1, sse4.2, avx, avx2; using a maximum of 2 threads
[    16.089] (II) intel(0): Creating default Display subsection in Screen section
	"Default Screen Section" for depth/fbbpp 24/32
[    16.089] (==) intel(0): Depth 24, (--) framebuffer bpp 32
[    16.089] (==) intel(0): RGB weight 888
[    16.089] (==) intel(0): Default visual is TrueColor
[    16.090] (II) intel(0): Output eDP1 has no monitor section
[    16.091] (**) intel(0): Found backlight control interface intel_backlight (type 'raw') for output eDP1
[    16.091] (II) intel(0): Enabled output eDP1
[    16.091] (II) intel(0): Output DP1 has no monitor section
[    16.092] (II) intel(0): Enabled output DP1
[    16.092] (II) intel(0): Output HDMI1 has no monitor section
[    16.092] (II) intel(0): Enabled output HDMI1
[    16.092] (II) intel(0): Output HDMI2 has no monitor section
[    16.092] (II) intel(0): Enabled output HDMI2
[    16.092] (--) intel(0): Using a maximum size of 256x256 for hardware cursors
[    16.092] (II) intel(0): Output VIRTUAL1 has no monitor section
[    16.092] (II) intel(0): Enabled output VIRTUAL1
[    16.092] (--) intel(0): Output eDP1 using initial mode 1920x1080 on pipe 0
[    16.092] (==) intel(0): TearFree disabled
[    16.092] (==) intel(0): Using gamma correction (1.0, 1.0, 1.0)
[    16.092] (==) intel(0): DPI set to (96, 96)
[    16.092] (II) Loading sub module "dri3"
[    16.092] (II) LoadModule: "dri3"
[    16.093] (II) Module "dri3" already built-in
[    16.093] (II) Loading sub module "dri2"
[    16.093] (II) LoadModule: "dri2"
[    16.093] (II) Module "dri2" already built-in
[    16.093] (II) Loading sub module "present"
[    16.093] (II) LoadModule: "present"
[    16.093] (II) Module "present" already built-in
[    16.093] (II) UnloadModule: "modesetting"
[    16.093] (II) Unloading modesetting
[    16.093] (II) UnloadModule: "vesa"
[    16.093] (II) Unloading vesa
[    16.097] (II) intel(0): SNA initialized with Haswell (gen7.5, gt2) backend
[    16.097] (==) intel(0): Backing store enabled
[    16.097] (==) intel(0): Silken mouse disabled
[    16.097] (II) intel(0): HW Cursor enabled
[    16.098] (==) intel(0): DPMS enabled
[    16.098] (==) intel(0): Display hotplug detection enabled
[    16.099] (II) intel(0): [DRI2] Setup complete
[    16.099] (II) intel(0): [DRI2]   DRI driver: i965
[    16.099] (II) intel(0): [DRI2]   VDPAU driver: va_gl
[    16.099] (II) intel(0): direct rendering: DRI2 DRI3 enabled
[    16.099] (II) intel(0): hardware support for Present enabled
[    16.099] (II) Initializing extension Generic Event Extension
[    16.099] (II) Initializing extension SHAPE
[    16.099] (II) Initializing extension MIT-SHM
[    16.099] (II) Initializing extension XInputExtension
[    16.099] (II) Initializing extension XTEST
[    16.099] (II) Initializing extension BIG-REQUESTS
[    16.099] (II) Initializing extension SYNC
[    16.099] (II) Initializing extension XKEYBOARD
[    16.099] (II) Initializing extension XC-MISC
[    16.099] (II) Initializing extension SECURITY
[    16.099] (II) Initializing extension XFIXES
[    16.099] (II) Initializing extension RENDER
[    16.099] (II) Initializing extension RANDR
[    16.099] (II) Initializing extension COMPOSITE
[    16.099] (II) Initializing extension DAMAGE
[    16.099] (II) Initializing extension MIT-SCREEN-SAVER
[    16.099] (II) Initializing extension DOUBLE-BUFFER
[    16.099] (II) Initializing extension RECORD
[    16.099] (II) Initializing extension DPMS
[    16.099] (II) Initializing extension Present
[    16.099] (II) Initializing extension DRI3
[    16.099] (II) Initializing extension X-Resource
[    16.099] (II) Initializing extension XVideo
[    16.099] (II) Initializing extension XVideo-MotionCompensation
[    16.099] (II) Initializing extension GLX
[    16.138] (II) AIGLX: Loaded and initialized i965
[    16.138] (II) GLX: Initialized DRI2 GL provider for screen 0
[    16.138] (II) Initializing extension XFree86-VidModeExtension
[    16.138] (II) Initializing extension XFree86-DGA
[    16.138] (II) Initializing extension XFree86-DRI
[    16.138] (II) Initializing extension DRI2
[    16.141] (II) intel(0): switch to mode 1920x1080@60.0 on eDP1 using pipe 0, position (0, 0), rotation normal, reflection none
[    16.145] (II) intel(0): Setting screen physical size to 508 x 285
[    16.222] (II) config/udev: Adding input device Power Button (/dev/input/event2)
[    16.222] (**) Power Button: Applying InputClass "libinput keyboard catchall"
[    16.222] (II) LoadModule: "libinput"
[    16.222] (II) Loading /usr/lib/xorg/modules/input/libinput_drv.so
[    16.226] (II) Module libinput: vendor="X.Org Foundation"
[    16.226] 	compiled for 1.20.3, module version = 0.28.2
[    16.226] 	Module class: X.Org XInput Driver
[    16.226] 	ABI class: X.Org XInput driver, version 24.1
[    16.226] (II) Using input driver 'libinput' for 'Power Button'
[    16.227] (II) systemd-logind: got fd for /dev/input/event2 13:66 fd 15 paused 0
[    16.227] (**) Power Button: always reports core events
[    16.227] (**) Option "Device" "/dev/input/event2"
[    16.227] (**) Option "_source" "server/udev"
[    16.233] (II) event2  - Power Button: is tagged by udev as: Keyboard
[    16.233] (II) event2  - Power Button: device is a keyboard
[    16.233] (II) event2  - Power Button: device removed
[    16.233] (**) Option "config_info" "udev:/sys/devices/LNXSYSTM:00/LNXPWRBN:00/input/input2/event2"
[    16.233] (II) XINPUT: Adding extended input device "Power Button" (type: KEYBOARD, id 6)
[    16.234] (II) event2  - Power Button: is tagged by udev as: Keyboard
[    16.234] (II) event2  - Power Button: device is a keyboard
[    16.234] (II) config/udev: Adding input device Video Bus (/dev/input/event7)
[    16.234] (**) Video Bus: Applying InputClass "libinput keyboard catchall"
[    16.234] (II) Using input driver 'libinput' for 'Video Bus'
[    16.235] (II) systemd-logind: got fd for /dev/input/event7 13:71 fd 18 paused 0
[    16.235] (**) Video Bus: always reports core events
[    16.235] (**) Option "Device" "/dev/input/event7"
[    16.235] (**) Option "_source" "server/udev"
[    16.236] (II) event7  - Video Bus: is tagged by udev as: Keyboard
[    16.236] (II) event7  - Video Bus: device is a keyboard
[    16.236] (II) event7  - Video Bus: device removed
[    16.236] (**) Option "config_info" "udev:/sys/devices/LNXSYSTM:00/LNXSYBUS:00/PNP0A08:00/LNXVIDEO:00/input/input16/event7"
[    16.236] (II) XINPUT: Adding extended input device "Video Bus" (type: KEYBOARD, id 7)
[    16.236] (II) event7  - Video Bus: is tagged by udev as: Keyboard
[    16.236] (II) event7  - Video Bus: device is a keyboard
[    16.237] (II) config/udev: Adding input device Power Button (/dev/input/event0)
[    16.237] (**) Power Button: Applying InputClass "libinput keyboard catchall"
[    16.237] (II) Using input driver 'libinput' for 'Power Button'
[    16.237] (II) systemd-logind: got fd for /dev/input/event0 13:64 fd 19 paused 0
[    16.237] (**) Power Button: always reports core events
[    16.237] (**) Option "Device" "/dev/input/event0"
[    16.237] (**) Option "_source" "server/udev"
[    16.237] (II) event0  - Power Button: is tagged by udev as: Keyboard
[    16.237] (II) event0  - Power Button: device is a keyboard
[    16.238] (II) event0  - Power Button: device removed
[    16.238] (**) Option "config_info" "udev:/sys/devices/LNXSYSTM:00/LNXSYBUS:00/PNP0C0C:00/input/input0/event0"
[    16.238] (II) XINPUT: Adding extended input device "Power Button" (type: KEYBOARD, id 8)
[    16.238] (II) event0  - Power Button: is tagged by udev as: Keyboard
[    16.238] (II) event0  - Power Button: device is a keyboard
[    16.238] (II) config/udev: Adding input device Lid Switch (/dev/input/event1)
[    16.238] (II) No input driver specified, ignoring this device.
[    16.238] (II) This device may have been added with another device file.
[    16.239] (II) config/udev: Adding input device HDA Intel HDMI HDMI/DP,pcm=3 (/dev/input/event12)
[    16.239] (II) No input driver specified, ignoring this device.
[    16.239] (II) This device may have been added with another device file.
[    16.239] (II) config/udev: Adding input device HDA Intel HDMI HDMI/DP,pcm=7 (/dev/input/event13)
[    16.239] (II) No input driver specified, ignoring this device.
[    16.239] (II) This device may have been added with another device file.
[    16.239] (II) config/udev: Adding input device HDA Intel HDMI HDMI/DP,pcm=8 (/dev/input/event14)
[    16.239] (II) No input driver specified, ignoring this device.
[    16.239] (II) This device may have been added with another device file.
[    16.239] (II) config/udev: Adding input device HDA Intel HDMI HDMI/DP,pcm=9 (/dev/input/event15)
[    16.239] (II) No input driver specified, ignoring this device.
[    16.239] (II) This device may have been added with another device file.
[    16.240] (II) config/udev: Adding input device HDA Intel HDMI HDMI/DP,pcm=10 (/dev/input/event16)
[    16.240] (II) No input driver specified, ignoring this device.
[    16.240] (II) This device may have been added with another device file.
[    16.240] (II) config/udev: Adding input device ELAN Touchscreen (/dev/input/event18)
[    16.240] (**) ELAN Touchscreen: Applying InputClass "libinput touchscreen catchall"
[    16.240] (II) Using input driver 'libinput' for 'ELAN Touchscreen'
[    16.240] (II) systemd-logind: got fd for /dev/input/event18 13:82 fd 20 paused 0
[    16.240] (**) ELAN Touchscreen: always reports core events
[    16.240] (**) Option "Device" "/dev/input/event18"
[    16.240] (**) Option "_source" "server/udev"
[    16.241] (II) event18 - ELAN Touchscreen: is tagged by udev as: Touchscreen
[    16.241] (II) event18 - ELAN Touchscreen: device is a touch device
[    16.241] (II) event18 - ELAN Touchscreen: device removed
[    16.241] (**) Option "config_info" "udev:/sys/devices/pci0000:00/0000:00:14.0/usb1/1-5/1-5:1.0/0003:04F3:0254.0003/input/input29/event18"
[    16.241] (II) XINPUT: Adding extended input device "ELAN Touchscreen" (type: TOUCHSCREEN, id 9)
[    16.241] (**) Option "AccelerationScheme" "none"
[    16.241] (**) ELAN Touchscreen: (accel) selected scheme none/0
[    16.241] (**) ELAN Touchscreen: (accel) acceleration factor: 2.000
[    16.241] (**) ELAN Touchscreen: (accel) acceleration threshold: 4
[    16.242] (II) event18 - ELAN Touchscreen: is tagged by udev as: Touchscreen
[    16.242] (II) event18 - ELAN Touchscreen: device is a touch device
[    16.242] (II) config/udev: Adding input device ELAN Touchscreen (/dev/input/mouse3)
[    16.242] (II) No input driver specified, ignoring this device.
[    16.242] (II) This device may have been added with another device file.
[    16.243] (II) config/udev: Adding input device Integrated Camera: Integrated C (/dev/input/event17)
[    16.243] (**) Integrated Camera: Integrated C: Applying InputClass "libinput keyboard catchall"
[    16.243] (II) Using input driver 'libinput' for 'Integrated Camera: Integrated C'
[    16.243] (II) systemd-logind: got fd for /dev/input/event17 13:81 fd 21 paused 0
[    16.243] (**) Integrated Camera: Integrated C: always reports core events
[    16.243] (**) Option "Device" "/dev/input/event17"
[    16.243] (**) Option "_source" "server/udev"
[    16.244] (II) event17 - Integrated Camera: Integrated C: is tagged by udev as: Keyboard
[    16.244] (II) event17 - Integrated Camera: Integrated C: device is a keyboard
[    16.244] (II) event17 - Integrated Camera: Integrated C: device removed
[    16.244] (**) Option "config_info" "udev:/sys/devices/pci0000:00/0000:00:14.0/usb1/1-6/1-6:1.0/input/input28/event17"
[    16.244] (II) XINPUT: Adding extended input device "Integrated Camera: Integrated C" (type: KEYBOARD, id 10)
[    16.245] (II) event17 - Integrated Camera: Integrated C: is tagged by udev as: Keyboard
[    16.245] (II) event17 - Integrated Camera: Integrated C: device is a keyboard
[    16.245] (II) config/udev: Adding input device HDA Intel PCH Mic (/dev/input/event9)
[    16.245] (II) No input driver specified, ignoring this device.
[    16.245] (II) This device may have been added with another device file.
[    16.245] (II) config/udev: Adding input device HDA Intel PCH Front Headphone (/dev/input/event10)
[    16.245] (II) No input driver specified, ignoring this device.
[    16.245] (II) This device may have been added with another device file.
[    16.246] (II) config/udev: Adding input device Wacom ISDv4 EC Pen (/dev/input/event6)
[    16.246] (**) Wacom ISDv4 EC Pen: Applying InputClass "libinput tablet catchall"
[    16.246] (II) Using input driver 'libinput' for 'Wacom ISDv4 EC Pen'
[    16.302] (II) systemd-logind: got fd for /dev/input/event6 13:70 fd 22 paused 0
[    16.302] (**) Wacom ISDv4 EC Pen: always reports core events
[    16.302] (**) Option "Device" "/dev/input/event6"
[    16.302] (**) Option "_source" "server/udev"
[    16.303] (II) event6  - Wacom ISDv4 EC Pen: is tagged by udev as: Tablet
[    16.313] (II) event6  - Wacom ISDv4 EC Pen: device is a tablet
[    16.313] (II) event6  - Wacom ISDv4 EC Pen: device removed
[    16.313] (**) Option "config_info" "udev:/sys/devices/pci0000:00/0000:00:1d.0/usb3/3-1/3-1.8/3-1.8:1.0/0003:056A:00EC.0002/input/input13/event6"
[    16.313] (II) XINPUT: Adding extended input device "Wacom ISDv4 EC Pen" (type: TABLET, id 11)
[    16.315] (II) event6  - Wacom ISDv4 EC Pen: is tagged by udev as: Tablet
[    16.322] (II) event6  - Wacom ISDv4 EC Pen: device is a tablet
[    16.322] (II) config/udev: Adding input device Wacom ISDv4 EC Pen (/dev/input/mouse0)
[    16.322] (II) No input driver specified, ignoring this device.
[    16.322] (II) This device may have been added with another device file.
[    16.322] (II) config/udev: Adding input device AT Translated Set 2 keyboard (/dev/input/event3)
[    16.322] (**) AT Translated Set 2 keyboard: Applying InputClass "libinput keyboard catchall"
[    16.322] (II) Using input driver 'libinput' for 'AT Translated Set 2 keyboard'
[    16.323] (II) systemd-logind: got fd for /dev/input/event3 13:67 fd 24 paused 0
[    16.323] (**) AT Translated Set 2 keyboard: always reports core events
[    16.323] (**) Option "Device" "/dev/input/event3"
[    16.323] (**) Option "_source" "server/udev"
[    16.323] (II) event3  - AT Translated Set 2 keyboard: is tagged by udev as: Keyboard
[    16.323] (II) event3  - AT Translated Set 2 keyboard: device is a keyboard
[    16.324] (II) event3  - AT Translated Set 2 keyboard: device removed
[    16.324] (**) Option "config_info" "udev:/sys/devices/platform/i8042/serio0/input/input3/event3"
[    16.324] (II) XINPUT: Adding extended input device "AT Translated Set 2 keyboard" (type: KEYBOARD, id 12)
[    16.325] (II) event3  - AT Translated Set 2 keyboard: is tagged by udev as: Keyboard
[    16.325] (II) event3  - AT Translated Set 2 keyboard: device is a keyboard
[    16.325] (II) config/udev: Adding input device PC Speaker (/dev/input/event4)
[    16.325] (II) No input driver specified, ignoring this device.
[    16.325] (II) This device may have been added with another device file.
[    16.326] (II) config/udev: Adding input device ThinkPad Extra Buttons (/dev/input/event5)
[    16.326] (**) ThinkPad Extra Buttons: Applying InputClass "libinput keyboard catchall"
[    16.326] (II) Using input driver 'libinput' for 'ThinkPad Extra Buttons'
[    16.326] (II) systemd-logind: got fd for /dev/input/event5 13:69 fd 25 paused 0
[    16.326] (**) ThinkPad Extra Buttons: always reports core events
[    16.326] (**) Option "Device" "/dev/input/event5"
[    16.326] (**) Option "_source" "server/udev"
[    16.326] (II) event5  - ThinkPad Extra Buttons: is tagged by udev as: Keyboard Switch
[    16.326] (II) event5  - ThinkPad Extra Buttons: device is a keyboard
[    16.326] (II) event5  - ThinkPad Extra Buttons: device is a switch device
[    16.327] (II) event5  - ThinkPad Extra Buttons: device removed
[    16.327] (**) Option "config_info" "udev:/sys/devices/platform/thinkpad_acpi/input/input6/event5"
[    16.327] (II) XINPUT: Adding extended input device "ThinkPad Extra Buttons" (type: KEYBOARD, id 13)
[    16.327] (II) event5  - ThinkPad Extra Buttons: is tagged by udev as: Keyboard Switch
[    16.327] (II) event5  - ThinkPad Extra Buttons: device is a keyboard
[    16.327] (II) event5  - ThinkPad Extra Buttons: device is a switch device
[    16.327] (II) config/udev: Adding input device Synaptics TM2911-001 (/dev/input/event8)
[    16.327] (**) Synaptics TM2911-001: Applying InputClass "libinput touchpad catchall"
[    16.327] (**) Synaptics TM2911-001: Applying InputClass "libinput touchpad catchall"
[    16.327] (II) Using input driver 'libinput' for 'Synaptics TM2911-001'
[    16.328] (II) systemd-logind: got fd for /dev/input/event8 13:72 fd 26 paused 0
[    16.328] (**) Synaptics TM2911-001: always reports core events
[    16.328] (**) Option "Device" "/dev/input/event8"
[    16.328] (**) Option "_source" "server/udev"
[    16.328] (II) event8  - Synaptics TM2911-001: is tagged by udev as: Touchpad
[    16.329] (II) event8  - Synaptics TM2911-001: device is a touchpad
[    16.329] (II) event8  - Synaptics TM2911-001: device removed
[    16.329] (**) Option "Tapping" "on"
[    16.329] (**) Option "NaturalScrolling" "True"
[    16.329] (**) Option "DisableWhileTyping" "True"
[    16.329] (**) Option "config_info" "udev:/sys/devices/rmi4-00/input/input17/event8"
[    16.330] (II) XINPUT: Adding extended input device "Synaptics TM2911-001" (type: TOUCHPAD, id 14)
[    16.330] (**) Option "AccelerationScheme" "none"
[    16.330] (**) Synaptics TM2911-001: (accel) selected scheme none/0
[    16.330] (**) Synaptics TM2911-001: (accel) acceleration factor: 2.000
[    16.330] (**) Synaptics TM2911-001: (accel) acceleration threshold: 4
[    16.330] (II) event8  - Synaptics TM2911-001: is tagged by udev as: Touchpad
[    16.331] (II) event8  - Synaptics TM2911-001: device is a touchpad
[    16.331] (II) config/udev: Adding input device Synaptics TM2911-001 (/dev/input/mouse1)
[    16.331] (II) No input driver specified, ignoring this device.
[    16.331] (II) This device may have been added with another device file.
[    16.332] (II) config/udev: Adding input device TPPS/2 IBM TrackPoint (/dev/input/event11)
[    16.332] (**) TPPS/2 IBM TrackPoint: Applying InputClass "libinput pointer catchall"
[    16.332] (**) TPPS/2 IBM TrackPoint: Applying InputClass "touchpad"
[    16.332] (II) LoadModule: "synaptics"
[    16.332] (WW) Warning, couldn't open module synaptics
[    16.332] (EE) Failed to load module "synaptics" (module does not exist, 0)
[    16.332] (EE) No input driver matching `synaptics'
[    16.332] (II) Falling back to input driver `libinput'
[    16.332] (II) Using input driver 'libinput' for 'TPPS/2 IBM TrackPoint'
[    16.332] (II) systemd-logind: got fd for /dev/input/event11 13:75 fd 27 paused 0
[    16.332] (**) TPPS/2 IBM TrackPoint: always reports core events
[    16.332] (**) Option "Device" "/dev/input/event11"
[    16.332] (**) Option "_source" "server/udev"
[    16.333] (II) event11 - TPPS/2 IBM TrackPoint: is tagged by udev as: Mouse Pointingstick
[    16.333] (II) event11 - TPPS/2 IBM TrackPoint: device is a pointer
[    16.333] (II) event11 - TPPS/2 IBM TrackPoint: device removed
[    16.333] (**) Option "NaturalScrolling" "true"
[    16.333] (**) Option "ScrollMethod" "edge"
[    16.333] (**) Option "config_info" "udev:/sys/devices/rmi4-00/rmi4-00.fn03/serio2/input/input18/event11"
[    16.333] (II) XINPUT: Adding extended input device "TPPS/2 IBM TrackPoint" (type: MOUSE, id 15)
[    16.333] (EE) libinput: TPPS/2 IBM TrackPoint: Failed to set scroll to edge
[    16.334] (**) Option "AccelerationScheme" "none"
[    16.334] (**) TPPS/2 IBM TrackPoint: (accel) selected scheme none/0
[    16.334] (**) TPPS/2 IBM TrackPoint: (accel) acceleration factor: 2.000
[    16.334] (**) TPPS/2 IBM TrackPoint: (accel) acceleration threshold: 4
[    16.334] (II) event11 - TPPS/2 IBM TrackPoint: is tagged by udev as: Mouse Pointingstick
[    16.334] (II) event11 - TPPS/2 IBM TrackPoint: device is a pointer
[    16.335] (EE) libinput: TPPS/2 IBM TrackPoint: Failed to set scroll to edge
[    16.335] (II) config/udev: Adding input device TPPS/2 IBM TrackPoint (/dev/input/mouse2)
[    16.335] (**) TPPS/2 IBM TrackPoint: Applying InputClass "touchpad"
[    16.335] (II) LoadModule: "synaptics"
[    16.335] (WW) Warning, couldn't open module synaptics
[    16.335] (EE) Failed to load module "synaptics" (module does not exist, 0)
[    16.335] (EE) No input driver matching `synaptics'
[    16.335] (II) Falling back to input driver `libinput'
[    16.335] (II) Using input driver 'libinput' for 'TPPS/2 IBM TrackPoint'
[    16.335] (**) TPPS/2 IBM TrackPoint: always reports core events
[    16.335] (**) Option "Device" "/dev/input/mouse2"
[    16.335] (**) Option "_source" "server/udev"
[    16.335] (EE) xf86OpenSerial: Cannot open device /dev/input/mouse2
	Permission denied.
[    16.335] (II) mouse2: opening input device '/dev/input/mouse2' failed (Permission denied).
[    16.335] (II) mouse2  - failed to create input device '/dev/input/mouse2'.
[    16.335] (EE) libinput: TPPS/2 IBM TrackPoint: Failed to create a device for /dev/input/mouse2
[    16.335] (EE) PreInit returned 2 for "TPPS/2 IBM TrackPoint"
[    16.335] (II) UnloadModule: "libinput"
[    16.555] (II) intel(0): EDID vendor "LGD", prod id 1044
[    16.555] (II) intel(0): Printing DDC gathered Modelines:
[    16.555] (II) intel(0): Modeline "1920x1080"x0.0  138.46  1920 1968 2000 2106  1080 1083 1088 1095 +hsync -vsync (65.7 kHz eP)
