fixme:service:scmdatabase_autostart_services Auto-start service L"MountMgr" failed to start: 2
fixme:service:scmdatabase_autostart_services Auto-start service L"PlugPlay" failed to start: 2
fixme:actctx:parse_depend_manifests Could not find dependent assembly L"Microsoft.Windows.Common-Controls" (6.0.0.0)
fixme:ole:CoInitializeSecurity ((nil),-1,(nil),(nil),0,3,(nil),0,(nil)) - stub!
fixme:heap:HeapSetInformation (nil) 1 (nil) 0
fixme:process:SetProcessDEPPolicy (3): stub
fixme:msg:ChangeWindowMessageFilter 233 00000001
fixme:msg:ChangeWindowMessageFilter 4a 00000001
fixme:msg:ChangeWindowMessageFilter 407 00000001
fixme:msg:ChangeWindowMessageFilter 49 00000001
fixme:ver:GetCurrentPackageId (0x19de9f8 (nil)): stub
/opt/teamviewer//tv_bin/TVGuiDelegate: symbol lookup error: /usr/lib32/libfontconfig.so.1: undefined symbol: FT_Done_MM_Var
fixme:process:SetProcessShutdownParameters (00000100, 00000000): partial stub.
fixme:win:EnumDisplayDevicesW ((null),0,0x32d98c,0x00000000), stub!
fixme:win:EnumDisplayDevicesW (L"\\\\.\\DISPLAY1",0,0x32dcd4,0x00000000), stub!
fixme:win:EnumDisplayDevicesW ((null),1,0x32d98c,0x00000000), stub!
fixme:module:load_library unsupported flag(s) used (flags: 0x00000060)
fixme:module:load_library unsupported flag(s) used (flags: 0x00000060)
fixme:module:load_library unsupported flag(s) used (flags: 0x00000060)
fixme:module:load_library unsupported flag(s) used (flags: 0x00000060)
fixme:resource:GetGuiResources (0xffffffff,0): stub
fixme:ntdll:NtQueryInformationToken QueryInformationToken( ..., TokenElevation, ...) semi-stub
fixme:winhttp:WinHttpDetectAutoProxyConfigUrl discovery via DHCP not supported
fixme:bitmap:CreateBitmapIndirect planes = 0
fixme:bitmap:CreateBitmapIndirect planes = 0
fixme:nls:GetGeoInfoW -1 4 0x1cddd1c 3 0
fixme:nls:GetGeoInfoW -1 4 0x1cddd64 3 0
fixme:nls:GetGeoInfoW -1 4 0x1cddd64 3 0
fixme:nls:GetGeoInfoW -1 4 0x1cddd64 3 0
fixme:nls:GetGeoInfoW -1 4 0x1cddd64 3 0
fixme:nls:GetGeoInfoW -1 4 0x1cddd64 3 0
fixme:nls:GetGeoInfoW -1 4 0x1cddd64 3 0
fixme:msg:pack_message msg 14 (WM_ERASEBKGND) not supported yet
fixme:wtsapi:WTSRegisterSessionNotification Stub 0x20058 0x00000000
err:ole:marshal_object couldn't get IPSFactory buffer for interface {00000131-0000-0000-c000-000000000046}
err:ole:marshal_object couldn't get IPSFactory buffer for interface {00000122-0000-0000-c000-000000000046}
err:ole:StdMarshalImpl_MarshalInterface Failed to create ifstub, hres=0x80040155
err:ole:CoMarshalInterface Failed to marshal the interface {00000122-0000-0000-c000-000000000046}, 80040155
fixme:msg:ChangeWindowMessageFilter c055 00000001
err:secur32:SECUR32_initSchannelSP TLS library not found, SSL connections will fail
err:winediag:SECUR32_initNTLMSP ntlm_auth was not found or is outdated. Make sure that ntlm_auth >= 3.0.25 is in your path. Usually, you can find it in the winbind package of your distribution.
fixme:nls:GetGeoInfoW -1 4 0x32fcbc 3 0
fixme:nls:GetGeoInfoW -1 8 (nil) 0 0
fixme:nls:GetGeoInfoW -1 4 0x1bde2dc 3 0
fixme:nls:GetGeoInfoW -1 4 0x1bde2dc 3 0
fixme:nls:GetGeoInfoW -1 4 0x1bde2dc 3 0
fixme:nls:GetGeoInfoW -1 4 0x1bde2dc 3 0
fixme:nls:GetGeoInfoW -1 8 (nil) 0 0
fixme:nls:GetGeoInfoW -1 8 (nil) 0 0
fixme:nls:GetGeoInfoW -1 8 (nil) 0 0
fixme:nls:GetGeoInfoW -1 8 (nil) 0 0
fixme:console:CONSOLE_DefaultHandler Terminating process 8 on event 0
