2019/02/03 11:50:11.676  2536 139836416904512 G   Logger started.
2019/02/03 11:50:11.677  2536 139836416904512 G   Found 0 core dump files ...
2019/02/03 11:50:11.678  2536 139836416904512 G   systemd: logind service available
2019/02/03 11:50:11.680  2536 139836416904512 G   systemd: New seat seat0 [path=/org/freedesktop/login1/seat/seat0, activeSession='1', canGraphical=1, canTTY=1, canMultiSession=1]
2019/02/03 11:50:11.681  2536 139836416904512 G   LogindSessionInfo: New session LogindSessionInfo [id=1 user=phakey state=user active=1 reliable=1 infoId=2212294583] [path=/org/freedesktop/login1/session/_31 TTY=tty1 seat=seat0 display= vtnr=1 owner=[SysUser: phakey [uid=1000, gid=985 home=/home/phakey gecos= shell=/bin/bash]] idle=0(1549194424600636) active=1 type=tty class=user state=active timestamp=1549194426924576 service=login defaultCG= leader=487 audit=1 remote=0 rHost= rUser= killProc=0]
2019/02/03 11:50:11.682  2536 139836416904512 G   SysSessionInfoManager: observing sessions from logind is marked as reliable
2019/02/03 11:50:11.682  2536 139836416904512 G   SysSessionInfoManager: Session Information provided by VT [priority: 2]
2019/02/03 11:50:11.682  2536 139836416904512 G!  FrameBuffer: Cannot access /dev/fb0, frame buffer support unavailable
2019/02/03 11:50:11.683  2536 139836416904512 G   SysSessionInfoManager: own session cache set to '4294967295'
2019/02/03 11:50:11.683  2536 139836416904512 G!! RuntimeInfo: error opening /var/run/teamviewerd.pid, Errorcode=2
2019/02/03 11:50:11.683  2536 139836416904512 G!! RuntimeInfo: error opening /var/run/teamviewerd.ipc, Errorcode=2
2019/02/03 11:50:11.684  2536 139836416904512 G   Running on Qt 5.12.0
2019/02/03 11:50:11.738  2536 139836416904512 G   Initialised XRandR extension 1.5 (base=89 error=147)
2019/02/03 11:50:11.922  2536 139836416904512 G   MonitorInfo: [XRandR 1.2] CRTC eDP1 1920x1080@60Hz [0, 0, 1920, 1080] - 1
2019/02/03 11:50:11.922  2536 139836416904512 G   MonitorInfo: [XRandR 1.2] CRTC 1 has no outputs
2019/02/03 11:50:11.922  2536 139836416904512 G   MonitorInfo: [XRandR 1.2] CRTC 2 has no outputs
2019/02/03 11:50:11.922  2536 139836416904512 G   MonitorInfo: [XRandR 1.2] CRTC 3 has no outputs
2019/02/03 11:50:11.922  2536 139836416904512 G   Virtual Desktop [0, 0, 1920, 1080]
2019/02/03 11:50:11.922  2536 139836416904512 G   MonitorInfo: [XRandR 1.2] CRTC eDP1 1920x1080@60Hz [0, 0, 1920, 1080] - 1
2019/02/03 11:50:11.922  2536 139836416904512 G   MonitorInfo: [XRandR 1.2] CRTC 1 has no outputs
2019/02/03 11:50:11.922  2536 139836416904512 G   MonitorInfo: [XRandR 1.2] CRTC 2 has no outputs
2019/02/03 11:50:11.922  2536 139836416904512 G   MonitorInfo: [XRandR 1.2] CRTC 3 has no outputs
2019/02/03 11:50:11.922  2536 139836416904512 G   Virtual Desktop [0, 0, 1920, 1080]
2019/02/03 11:50:11.922  2536 139836416904512 G!! MonitorInfo: WorkingArea: Property error 14 (0), Errorcode=2
2019/02/03 11:50:11.935  2536 139836416904512 G!! ResourceLoader: loaded file '/opt/teamviewer/tv_bin/resources/TVResource_en.so' version (9025) is not matching with application version (14.1.9025), Errorcode=2
2019/02/03 11:50:11.935  2536 139836416904512 G   Loaded language 'en', using locale 'en'
2019/02/03 11:50:11.935  2536 139836416904512 G   InterProcessBase::SecureNetwork created
2019/02/03 11:50:11.936  2536 139836416904512 G   InterProcessBase::SecureNetworkCallbackHandle created (RegistrationID: a0dec52a-2269-4b50-912d-63ecfadafc8c)
2019/02/03 11:50:11.937  2536 139836416904512 G   AutoLogin::Login: enabled: 1
2019/02/03 11:50:11.937  2536 139836416904512 G   AccountLoginStateMachine::Reset
2019/02/03 11:50:11.937  2536 139836416904512 G!! ApplicationLookOfflineState::ApplicationAppearanceOfflineState: state not loaded, Errorcode=2
2019/02/03 11:50:11.938  2536 139836416904512 G!!!Own session could not be resolved, unable to startup, Errorcode=2
2019/02/03 11:50:11.938  2536 139836416904512 G   Chat::Stop: Stopping chat
2019/02/03 11:50:11.938  2536 139836416904512 G!! ConfigurationHub::HandleRegistrationResponse(): registering for feature 9 failed with error 2, Errorcode=2
2019/02/03 11:50:11.938  2536 139836416904512 G!! ConfigurationHub::HandleRegistrationResponse(): registering for feature 5 failed with error 2, Errorcode=2
2019/02/03 11:50:11.938  2536 139836416904512 G!! ConfigurationHub::HandleRegistrationResponse(): registering for feature 6 failed with error 2, Errorcode=2
2019/02/03 11:50:11.938  2536 139836416904512 G!! ConfigurationHub::HandleRegistrationResponse(): registering for feature 10 failed with error 2, Errorcode=2
2019/02/03 11:50:11.938  2536 139836416904512 G   InterProcessBase::SecureNetworkCallbackHandle destroyed (RegistrationID: a0dec52a-2269-4b50-912d-63ecfadafc8c)
2019/02/03 11:50:11.938  2536 139836416904512 G   interprocessbase::SecureNetwork destroyed
2019/02/03 11:50:11.943  2536 139836416904512 G   Shutting down System DBus
2019/02/03 11:50:23.485  2610 140062922825024 G   Logger started.
2019/02/03 11:50:23.485  2610 140062922825024 G   Found 0 core dump files ...
2019/02/03 11:50:23.486  2610 140062922825024 G   systemd: logind service available
2019/02/03 11:50:23.487  2610 140062922825024 G   systemd: New seat seat0 [path=/org/freedesktop/login1/seat/seat0, activeSession='1', canGraphical=1, canTTY=1, canMultiSession=1]
2019/02/03 11:50:23.488  2610 140062922825024 G   LogindSessionInfo: New session LogindSessionInfo [id=1 user=phakey state=user active=1 reliable=1 infoId=2212294583] [path=/org/freedesktop/login1/session/_31 TTY=tty1 seat=seat0 display= vtnr=1 owner=[SysUser: phakey [uid=1000, gid=985 home=/home/phakey gecos= shell=/bin/bash]] idle=0(1549194424600636) active=1 type=tty class=user state=active timestamp=1549194426924576 service=login defaultCG= leader=487 audit=1 remote=0 rHost= rUser= killProc=0]
2019/02/03 11:50:23.488  2610 140062922825024 G   SysSessionInfoManager: observing sessions from logind is marked as reliable
2019/02/03 11:50:23.488  2610 140062922825024 G   SysSessionInfoManager: Session Information provided by VT [priority: 2]
2019/02/03 11:50:23.488  2610 140062922825024 G!  FrameBuffer: Cannot access /dev/fb0, frame buffer support unavailable
2019/02/03 11:50:23.489  2610 140062922825024 G   SysSessionInfoManager: own session cache set to '4294967295'
2019/02/03 11:50:23.489  2610 140062922825024 G!! RuntimeInfo: error opening /var/run/teamviewerd.pid
2019/02/03 11:50:23.489  2610 140062922825024 G!! RuntimeInfo: error opening /var/run/teamviewerd.ipc
2019/02/03 11:50:23.489  2610 140062922825024 G   Running on Qt 5.12.0
2019/02/03 11:50:23.503  2610 140062922825024 G   Initialised XRandR extension 1.5 (base=89 error=147)
2019/02/03 11:50:23.503  2610 140062922825024 G   MonitorInfo: [XRandR 1.2] CRTC eDP1 1920x1080@60Hz [0, 0, 1920, 1080] - 1
2019/02/03 11:50:23.503  2610 140062922825024 G   MonitorInfo: [XRandR 1.2] CRTC 1 has no outputs
2019/02/03 11:50:23.503  2610 140062922825024 G   MonitorInfo: [XRandR 1.2] CRTC 2 has no outputs
2019/02/03 11:50:23.503  2610 140062922825024 G   MonitorInfo: [XRandR 1.2] CRTC 3 has no outputs
2019/02/03 11:50:23.503  2610 140062922825024 G   Virtual Desktop [0, 0, 1920, 1080]
2019/02/03 11:50:23.503  2610 140062922825024 G   MonitorInfo: [XRandR 1.2] CRTC eDP1 1920x1080@60Hz [0, 0, 1920, 1080] - 1
2019/02/03 11:50:23.503  2610 140062922825024 G   MonitorInfo: [XRandR 1.2] CRTC 1 has no outputs
2019/02/03 11:50:23.503  2610 140062922825024 G   MonitorInfo: [XRandR 1.2] CRTC 2 has no outputs
2019/02/03 11:50:23.503  2610 140062922825024 G   MonitorInfo: [XRandR 1.2] CRTC 3 has no outputs
2019/02/03 11:50:23.503  2610 140062922825024 G   Virtual Desktop [0, 0, 1920, 1080]
2019/02/03 11:50:23.504  2610 140062922825024 G!! MonitorInfo: WorkingArea: Property error 14 (0)
2019/02/03 11:50:23.509  2610 140062922825024 G!! ResourceLoader: loaded file '/opt/teamviewer/tv_bin/resources/TVResource_en.so' version (9025) is not matching with application version (14.1.9025)
2019/02/03 11:50:23.509  2610 140062922825024 G   Loaded language 'en', using locale 'en'
2019/02/03 11:50:23.509  2610 140062922825024 G   InterProcessBase::SecureNetwork created
2019/02/03 11:50:23.510  2610 140062922825024 G   InterProcessBase::SecureNetworkCallbackHandle created (RegistrationID: e9773377-aa85-4317-b3ce-e06ef46f564e)
2019/02/03 11:50:23.511  2610 140062922825024 G   AutoLogin::Login: enabled: 1
2019/02/03 11:50:23.511  2610 140062922825024 G   AccountLoginStateMachine::Reset
2019/02/03 11:50:23.511  2610 140062922825024 G!! ApplicationLookOfflineState::ApplicationAppearanceOfflineState: state not loaded
2019/02/03 11:50:23.511  2610 140062922825024 G!!!Own session could not be resolved, unable to startup
2019/02/03 11:50:23.511  2610 140062922825024 G   Chat::Stop: Stopping chat
2019/02/03 11:50:23.512  2610 140062922825024 G!! ConfigurationHub::HandleRegistrationResponse(): registering for feature 9 failed with error 2
2019/02/03 11:50:23.512  2610 140062922825024 G!! ConfigurationHub::HandleRegistrationResponse(): registering for feature 5 failed with error 2
2019/02/03 11:50:23.512  2610 140062922825024 G!! ConfigurationHub::HandleRegistrationResponse(): registering for feature 6 failed with error 2
2019/02/03 11:50:23.512  2610 140062922825024 G!! ConfigurationHub::HandleRegistrationResponse(): registering for feature 10 failed with error 2
2019/02/03 11:50:23.512  2610 140062922825024 G   InterProcessBase::SecureNetworkCallbackHandle destroyed (RegistrationID: e9773377-aa85-4317-b3ce-e06ef46f564e)
2019/02/03 11:50:23.512  2610 140062922825024 G   interprocessbase::SecureNetwork destroyed
2019/02/03 11:50:23.514  2610 140062922825024 G   Shutting down System DBus
2019/02/03 11:51:03.772  2692 140491806510400 G   Logger started.
2019/02/03 11:51:03.773  2692 140491806510400 G   Found 0 core dump files ...
2019/02/03 11:51:03.774  2692 140491806510400 G   systemd: logind service available
2019/02/03 11:51:03.775  2692 140491806510400 G   systemd: New seat seat0 [path=/org/freedesktop/login1/seat/seat0, activeSession='1', canGraphical=1, canTTY=1, canMultiSession=1]
2019/02/03 11:51:03.775  2692 140491806510400 G   LogindSessionInfo: New session LogindSessionInfo [id=1 user=phakey state=user active=1 reliable=1 infoId=2212294583] [path=/org/freedesktop/login1/session/_31 TTY=tty1 seat=seat0 display= vtnr=1 owner=[SysUser: phakey [uid=1000, gid=985 home=/home/phakey gecos= shell=/bin/bash]] idle=0(1549194424600636) active=1 type=tty class=user state=active timestamp=1549194426924576 service=login defaultCG= leader=487 audit=1 remote=0 rHost= rUser= killProc=0]
2019/02/03 11:51:03.776  2692 140491806510400 G   SysSessionInfoManager: observing sessions from logind is marked as reliable
2019/02/03 11:51:03.777  2692 140491806510400 G   SysSessionInfoManager: Session Information provided by VT [priority: 2]
2019/02/03 11:51:03.777  2692 140491806510400 G!  FrameBuffer: Cannot access /dev/fb0, frame buffer support unavailable
2019/02/03 11:51:03.777  2692 140491806510400 G   SysSessionInfoManager: own session cache set to '4294967295'
2019/02/03 11:51:03.777  2692 140491806510400 G!! RuntimeInfo: error opening /var/run/teamviewerd.pid
2019/02/03 11:51:03.777  2692 140491806510400 G!! RuntimeInfo: error opening /var/run/teamviewerd.ipc
2019/02/03 11:51:03.778  2692 140491806510400 G   Running on Qt 5.12.0
2019/02/03 11:51:03.792  2692 140491806510400 G   Initialised XRandR extension 1.5 (base=89 error=147)
2019/02/03 11:51:03.972  2692 140491806510400 G   MonitorInfo: [XRandR 1.2] CRTC eDP1 1920x1080@60Hz [0, 0, 1920, 1080] - 1
2019/02/03 11:51:03.972  2692 140491806510400 G   MonitorInfo: [XRandR 1.2] CRTC 1 has no outputs
2019/02/03 11:51:03.972  2692 140491806510400 G   MonitorInfo: [XRandR 1.2] CRTC 2 has no outputs
2019/02/03 11:51:03.972  2692 140491806510400 G   MonitorInfo: [XRandR 1.2] CRTC 3 has no outputs
2019/02/03 11:51:03.972  2692 140491806510400 G   Virtual Desktop [0, 0, 1920, 1080]
2019/02/03 11:51:03.972  2692 140491806510400 G   MonitorInfo: [XRandR 1.2] CRTC eDP1 1920x1080@60Hz [0, 0, 1920, 1080] - 1
2019/02/03 11:51:03.972  2692 140491806510400 G   MonitorInfo: [XRandR 1.2] CRTC 1 has no outputs
2019/02/03 11:51:03.972  2692 140491806510400 G   MonitorInfo: [XRandR 1.2] CRTC 2 has no outputs
2019/02/03 11:51:03.972  2692 140491806510400 G   MonitorInfo: [XRandR 1.2] CRTC 3 has no outputs
2019/02/03 11:51:03.972  2692 140491806510400 G   Virtual Desktop [0, 0, 1920, 1080]
2019/02/03 11:51:03.972  2692 140491806510400 G!! MonitorInfo: WorkingArea: Property error 14 (0)
2019/02/03 11:51:03.978  2692 140491806510400 G!! ResourceLoader: loaded file '/opt/teamviewer/tv_bin/resources/TVResource_en.so' version (9025) is not matching with application version (14.1.9025)
2019/02/03 11:51:03.978  2692 140491806510400 G   Loaded language 'en', using locale 'en'
2019/02/03 11:51:03.978  2692 140491806510400 G   InterProcessBase::SecureNetwork created
2019/02/03 11:51:03.979  2692 140491806510400 G   InterProcessBase::SecureNetworkCallbackHandle created (RegistrationID: 10686c6e-de27-4503-b106-7fd40bfca2ba)
2019/02/03 11:51:03.980  2692 140491806510400 G   AutoLogin::Login: enabled: 1
2019/02/03 11:51:03.980  2692 140491806510400 G   AccountLoginStateMachine::Reset
2019/02/03 11:51:03.981  2692 140491806510400 G!! ApplicationLookOfflineState::ApplicationAppearanceOfflineState: state not loaded
2019/02/03 11:51:03.981  2692 140491806510400 G!!!Own session could not be resolved, unable to startup
2019/02/03 11:51:03.981  2692 140491806510400 G   Chat::Stop: Stopping chat
2019/02/03 11:51:03.982  2692 140491806510400 G!! ConfigurationHub::HandleRegistrationResponse(): registering for feature 9 failed with error 2
2019/02/03 11:51:03.982  2692 140491806510400 G!! ConfigurationHub::HandleRegistrationResponse(): registering for feature 5 failed with error 2
2019/02/03 11:51:03.982  2692 140491806510400 G!! ConfigurationHub::HandleRegistrationResponse(): registering for feature 6 failed with error 2
2019/02/03 11:51:03.982  2692 140491806510400 G!! ConfigurationHub::HandleRegistrationResponse(): registering for feature 10 failed with error 2
2019/02/03 11:51:03.982  2692 140491806510400 G   InterProcessBase::SecureNetworkCallbackHandle destroyed (RegistrationID: 10686c6e-de27-4503-b106-7fd40bfca2ba)
2019/02/03 11:51:03.982  2692 140491806510400 G   interprocessbase::SecureNetwork destroyed
2019/02/03 11:51:03.985  2692 140491806510400 G   Shutting down System DBus
2019/02/03 11:52:18.011  2778 140530951355712 G   Logger started.
2019/02/03 11:52:18.012  2778 140530951355712 G   Found 0 core dump files ...
2019/02/03 11:52:18.013  2778 140530951355712 G   systemd: logind service available
2019/02/03 11:52:18.014  2778 140530951355712 G   systemd: New seat seat0 [path=/org/freedesktop/login1/seat/seat0, activeSession='1', canGraphical=1, canTTY=1, canMultiSession=1]
2019/02/03 11:52:18.014  2778 140530951355712 G   LogindSessionInfo: New session LogindSessionInfo [id=1 user=phakey state=user active=1 reliable=1 infoId=2212294583] [path=/org/freedesktop/login1/session/_31 TTY=tty1 seat=seat0 display= vtnr=1 owner=[SysUser: phakey [uid=1000, gid=985 home=/home/phakey gecos= shell=/bin/bash]] idle=0(1549194424600636) active=1 type=tty class=user state=active timestamp=1549194426924576 service=login defaultCG= leader=487 audit=1 remote=0 rHost= rUser= killProc=0]
2019/02/03 11:52:18.015  2778 140530951355712 G   SysSessionInfoManager: observing sessions from logind is marked as reliable
2019/02/03 11:52:18.015  2778 140530951355712 G   SysSessionInfoManager: Session Information provided by VT [priority: 2]
2019/02/03 11:52:18.015  2778 140530951355712 G!  FrameBuffer: Cannot access /dev/fb0, frame buffer support unavailable
2019/02/03 11:52:18.016  2778 140530951355712 G   SysSessionInfoManager: own session cache set to '4294967295'
2019/02/03 11:52:18.016  2778 140530951355712 G!! RuntimeInfo: error opening /var/run/teamviewerd.pid
2019/02/03 11:52:18.016  2778 140530951355712 G!! RuntimeInfo: error opening /var/run/teamviewerd.ipc
2019/02/03 11:52:18.016  2778 140530951355712 G   Running on Qt 5.12.0
2019/02/03 11:52:18.030  2778 140530951355712 G   Initialised XRandR extension 1.5 (base=89 error=147)
2019/02/03 11:52:18.212  2778 140530951355712 G   MonitorInfo: [XRandR 1.2] CRTC eDP1 1920x1080@60Hz [0, 0, 1920, 1080] - 1
2019/02/03 11:52:18.212  2778 140530951355712 G   MonitorInfo: [XRandR 1.2] CRTC 1 has no outputs
2019/02/03 11:52:18.212  2778 140530951355712 G   MonitorInfo: [XRandR 1.2] CRTC 2 has no outputs
2019/02/03 11:52:18.212  2778 140530951355712 G   MonitorInfo: [XRandR 1.2] CRTC 3 has no outputs
2019/02/03 11:52:18.212  2778 140530951355712 G   Virtual Desktop [0, 0, 1920, 1080]
2019/02/03 11:52:18.212  2778 140530951355712 G   MonitorInfo: [XRandR 1.2] CRTC eDP1 1920x1080@60Hz [0, 0, 1920, 1080] - 1
2019/02/03 11:52:18.212  2778 140530951355712 G   MonitorInfo: [XRandR 1.2] CRTC 1 has no outputs
2019/02/03 11:52:18.212  2778 140530951355712 G   MonitorInfo: [XRandR 1.2] CRTC 2 has no outputs
2019/02/03 11:52:18.212  2778 140530951355712 G   MonitorInfo: [XRandR 1.2] CRTC 3 has no outputs
2019/02/03 11:52:18.212  2778 140530951355712 G   Virtual Desktop [0, 0, 1920, 1080]
2019/02/03 11:52:18.212  2778 140530951355712 G!! MonitorInfo: WorkingArea: Property error 14 (0)
2019/02/03 11:52:18.218  2778 140530951355712 G!! ResourceLoader: loaded file '/opt/teamviewer/tv_bin/resources/TVResource_en.so' version (9025) is not matching with application version (14.1.9025)
2019/02/03 11:52:18.219  2778 140530951355712 G   Loaded language 'en', using locale 'en'
2019/02/03 11:52:18.219  2778 140530951355712 G   InterProcessBase::SecureNetwork created
2019/02/03 11:52:18.219  2778 140530951355712 G   InterProcessBase::SecureNetworkCallbackHandle created (RegistrationID: 4e799238-9ba9-417d-98ec-eaeb6411d9e9)
2019/02/03 11:52:18.220  2778 140530951355712 G   AutoLogin::Login: enabled: 1
2019/02/03 11:52:18.220  2778 140530951355712 G   AccountLoginStateMachine::Reset
2019/02/03 11:52:18.221  2778 140530951355712 G!! ApplicationLookOfflineState::ApplicationAppearanceOfflineState: state not loaded
2019/02/03 11:52:18.221  2778 140530951355712 G!!!Own session could not be resolved, unable to startup
2019/02/03 11:52:18.221  2778 140530951355712 G   Chat::Stop: Stopping chat
2019/02/03 11:52:18.221  2778 140530951355712 G!! ConfigurationHub::HandleRegistrationResponse(): registering for feature 9 failed with error 2
2019/02/03 11:52:18.221  2778 140530951355712 G!! ConfigurationHub::HandleRegistrationResponse(): registering for feature 5 failed with error 2
2019/02/03 11:52:18.221  2778 140530951355712 G!! ConfigurationHub::HandleRegistrationResponse(): registering for feature 6 failed with error 2
2019/02/03 11:52:18.221  2778 140530951355712 G!! ConfigurationHub::HandleRegistrationResponse(): registering for feature 10 failed with error 2
2019/02/03 11:52:18.222  2778 140530951355712 G   InterProcessBase::SecureNetworkCallbackHandle destroyed (RegistrationID: 4e799238-9ba9-417d-98ec-eaeb6411d9e9)
2019/02/03 11:52:18.222  2778 140530951355712 G   interprocessbase::SecureNetwork destroyed
2019/02/03 11:52:18.225  2778 140530951355712 G   Shutting down System DBus
2019/02/03 11:52:39.765  2876 139929102945600 G   Logger started.
2019/02/03 11:52:39.765  2876 139929102945600 G   Found 0 core dump files ...
2019/02/03 11:52:39.766  2876 139929102945600 G   systemd: logind service available
2019/02/03 11:52:39.767  2876 139929102945600 G   systemd: New seat seat0 [path=/org/freedesktop/login1/seat/seat0, activeSession='1', canGraphical=1, canTTY=1, canMultiSession=1]
2019/02/03 11:52:39.768  2876 139929102945600 G   LogindSessionInfo: New session LogindSessionInfo [id=1 user=phakey state=user active=1 reliable=1 infoId=2212294583] [path=/org/freedesktop/login1/session/_31 TTY=tty1 seat=seat0 display= vtnr=1 owner=[SysUser: phakey [uid=1000, gid=985 home=/home/phakey gecos= shell=/bin/bash]] idle=0(1549194424600636) active=1 type=tty class=user state=active timestamp=1549194426924576 service=login defaultCG= leader=487 audit=1 remote=0 rHost= rUser= killProc=0]
2019/02/03 11:52:39.768  2876 139929102945600 G   SysSessionInfoManager: observing sessions from logind is marked as reliable
2019/02/03 11:52:39.768  2876 139929102945600 G   SysSessionInfoManager: Session Information provided by VT [priority: 2]
2019/02/03 11:52:39.769  2876 139929102945600 G!  FrameBuffer: Cannot access /dev/fb0, frame buffer support unavailable
2019/02/03 11:52:39.769  2876 139929102945600 G   SysSessionInfoManager: own session cache set to '4294967295'
2019/02/03 11:52:39.769  2876 139929102945600 G!! RuntimeInfo: error opening /var/run/teamviewerd.pid
2019/02/03 11:52:39.769  2876 139929102945600 G!! RuntimeInfo: error opening /var/run/teamviewerd.ipc
2019/02/03 11:52:39.769  2876 139929102945600 G   Running on Qt 5.12.0
2019/02/03 11:52:39.783  2876 139929102945600 G   Initialised XRandR extension 1.5 (base=89 error=147)
2019/02/03 11:52:39.965  2876 139929102945600 G   MonitorInfo: [XRandR 1.2] CRTC eDP1 1920x1080@60Hz [0, 0, 1920, 1080] - 1
2019/02/03 11:52:39.965  2876 139929102945600 G   MonitorInfo: [XRandR 1.2] CRTC 1 has no outputs
2019/02/03 11:52:39.965  2876 139929102945600 G   MonitorInfo: [XRandR 1.2] CRTC 2 has no outputs
2019/02/03 11:52:39.965  2876 139929102945600 G   MonitorInfo: [XRandR 1.2] CRTC 3 has no outputs
2019/02/03 11:52:39.965  2876 139929102945600 G   Virtual Desktop [0, 0, 1920, 1080]
2019/02/03 11:52:39.965  2876 139929102945600 G   MonitorInfo: [XRandR 1.2] CRTC eDP1 1920x1080@60Hz [0, 0, 1920, 1080] - 1
2019/02/03 11:52:39.965  2876 139929102945600 G   MonitorInfo: [XRandR 1.2] CRTC 1 has no outputs
2019/02/03 11:52:39.965  2876 139929102945600 G   MonitorInfo: [XRandR 1.2] CRTC 2 has no outputs
2019/02/03 11:52:39.965  2876 139929102945600 G   MonitorInfo: [XRandR 1.2] CRTC 3 has no outputs
2019/02/03 11:52:39.965  2876 139929102945600 G   Virtual Desktop [0, 0, 1920, 1080]
2019/02/03 11:52:39.965  2876 139929102945600 G!! MonitorInfo: WorkingArea: Property error 14 (0)
2019/02/03 11:52:39.972  2876 139929102945600 G!! ResourceLoader: loaded file '/opt/teamviewer/tv_bin/resources/TVResource_en.so' version (9025) is not matching with application version (14.1.9025)
2019/02/03 11:52:39.972  2876 139929102945600 G   Loaded language 'en', using locale 'en'
2019/02/03 11:52:39.972  2876 139929102945600 G   InterProcessBase::SecureNetwork created
2019/02/03 11:52:39.972  2876 139929102945600 G   InterProcessBase::SecureNetworkCallbackHandle created (RegistrationID: a368f639-5e75-494d-b063-a2d73dfff8e7)
2019/02/03 11:52:39.974  2876 139929102945600 G   AutoLogin::Login: enabled: 1
2019/02/03 11:52:39.974  2876 139929102945600 G   AccountLoginStateMachine::Reset
2019/02/03 11:52:39.974  2876 139929102945600 G!! ApplicationLookOfflineState::ApplicationAppearanceOfflineState: state not loaded
2019/02/03 11:52:39.974  2876 139929102945600 G!!!Own session could not be resolved, unable to startup
2019/02/03 11:52:39.974  2876 139929102945600 G   Chat::Stop: Stopping chat
2019/02/03 11:52:39.975  2876 139929102945600 G!! ConfigurationHub::HandleRegistrationResponse(): registering for feature 9 failed with error 2
2019/02/03 11:52:39.975  2876 139929102945600 G!! ConfigurationHub::HandleRegistrationResponse(): registering for feature 5 failed with error 2
2019/02/03 11:52:39.975  2876 139929102945600 G!! ConfigurationHub::HandleRegistrationResponse(): registering for feature 6 failed with error 2
2019/02/03 11:52:39.975  2876 139929102945600 G!! ConfigurationHub::HandleRegistrationResponse(): registering for feature 10 failed with error 2
2019/02/03 11:52:39.975  2876 139929102945600 G   InterProcessBase::SecureNetworkCallbackHandle destroyed (RegistrationID: a368f639-5e75-494d-b063-a2d73dfff8e7)
2019/02/03 11:52:39.975  2876 139929102945600 G   interprocessbase::SecureNetwork destroyed
2019/02/03 11:52:39.977  2876 139929102945600 G   Shutting down System DBus
2019/02/03 11:55:05.564  3191 140165558676800 G   Logger started.
2019/02/03 11:55:05.564  3191 140165558676800 G   Found 2 core dump files ...
2019/02/03 11:55:05.565  3191 140165558676800 G   systemd: logind service available
2019/02/03 11:55:05.567  3191 140165558676800 G   systemd: New seat seat0 [path=/org/freedesktop/login1/seat/seat0, activeSession='1', canGraphical=1, canTTY=1, canMultiSession=1]
2019/02/03 11:55:05.567  3191 140165558676800 G   LogindSessionInfo: New session LogindSessionInfo [id=1 user=phakey state=user active=1 reliable=1 infoId=2212294583] [path=/org/freedesktop/login1/session/_31 TTY=tty1 seat=seat0 display= vtnr=1 owner=[SysUser: phakey [uid=1000, gid=985 home=/home/phakey gecos= shell=/bin/bash]] idle=0(1549194900600636) active=1 type=tty class=user state=active timestamp=1549194426924576 service=login defaultCG= leader=487 audit=1 remote=0 rHost= rUser= killProc=0]
2019/02/03 11:55:05.568  3191 140165558676800 G   SysSessionInfoManager: observing sessions from logind is marked as reliable
2019/02/03 11:55:05.568  3191 140165558676800 G   SysSessionInfoManager: Session Information provided by VT [priority: 2]
2019/02/03 11:55:05.568  3191 140165558676800 G!  FrameBuffer: Cannot access /dev/fb0, frame buffer support unavailable
2019/02/03 11:55:05.569  3191 140165558676800 G   SysSessionInfoManager: own session cache set to '4294967295'
2019/02/03 11:55:05.569  3191 140165558676800 G!! RuntimeInfo: error opening /var/run/teamviewerd.pid
2019/02/03 11:55:05.569  3191 140165558676800 G!! RuntimeInfo: error opening /var/run/teamviewerd.ipc
2019/02/03 11:55:05.569  3191 140165558676800 G   Running on Qt 5.12.0
2019/02/03 11:55:05.583  3191 140165558676800 G   Initialised XRandR extension 1.5 (base=89 error=147)
2019/02/03 11:55:05.583  3191 140165558676800 G   MonitorInfo: [XRandR 1.2] CRTC eDP1 1920x1080@60Hz [0, 0, 1920, 1080] - 1
2019/02/03 11:55:05.583  3191 140165558676800 G   MonitorInfo: [XRandR 1.2] CRTC 1 has no outputs
2019/02/03 11:55:05.583  3191 140165558676800 G   MonitorInfo: [XRandR 1.2] CRTC 2 has no outputs
2019/02/03 11:55:05.583  3191 140165558676800 G   MonitorInfo: [XRandR 1.2] CRTC 3 has no outputs
2019/02/03 11:55:05.583  3191 140165558676800 G   Virtual Desktop [0, 0, 1920, 1080]
2019/02/03 11:55:05.584  3191 140165558676800 G   MonitorInfo: [XRandR 1.2] CRTC eDP1 1920x1080@60Hz [0, 0, 1920, 1080] - 1
2019/02/03 11:55:05.584  3191 140165558676800 G   MonitorInfo: [XRandR 1.2] CRTC 1 has no outputs
2019/02/03 11:55:05.584  3191 140165558676800 G   MonitorInfo: [XRandR 1.2] CRTC 2 has no outputs
2019/02/03 11:55:05.584  3191 140165558676800 G   MonitorInfo: [XRandR 1.2] CRTC 3 has no outputs
2019/02/03 11:55:05.584  3191 140165558676800 G   Virtual Desktop [0, 0, 1920, 1080]
2019/02/03 11:55:05.584  3191 140165558676800 G!! MonitorInfo: WorkingArea: Property error 14 (0)
2019/02/03 11:55:05.590  3191 140165558676800 G!! ResourceLoader: loaded file '/opt/teamviewer/tv_bin/resources/TVResource_en.so' version (9025) is not matching with application version (14.1.9025)
2019/02/03 11:55:05.590  3191 140165558676800 G   Loaded language 'en', using locale 'en'
2019/02/03 11:55:05.590  3191 140165558676800 G   InterProcessBase::SecureNetwork created
2019/02/03 11:55:05.590  3191 140165558676800 G   InterProcessBase::SecureNetworkCallbackHandle created (RegistrationID: 73fe80b9-78d2-42c6-a703-0f4ea6e1e871)
2019/02/03 11:55:05.591  3191 140165558676800 G   AutoLogin::Login: enabled: 1
2019/02/03 11:55:05.591  3191 140165558676800 G   AccountLoginStateMachine::Reset
2019/02/03 11:55:05.592  3191 140165558676800 G!! ApplicationLookOfflineState::ApplicationAppearanceOfflineState: state not loaded
2019/02/03 11:55:05.592  3191 140165558676800 G!!!Own session could not be resolved, unable to startup
2019/02/03 11:55:05.592  3191 140165558676800 G   Chat::Stop: Stopping chat
2019/02/03 11:55:05.592  3191 140165558676800 G!! ConfigurationHub::HandleRegistrationResponse(): registering for feature 9 failed with error 2
2019/02/03 11:55:05.592  3191 140165558676800 G!! ConfigurationHub::HandleRegistrationResponse(): registering for feature 5 failed with error 2
2019/02/03 11:55:05.592  3191 140165558676800 G!! ConfigurationHub::HandleRegistrationResponse(): registering for feature 6 failed with error 2
2019/02/03 11:55:05.592  3191 140165558676800 G!! ConfigurationHub::HandleRegistrationResponse(): registering for feature 10 failed with error 2
2019/02/03 11:55:05.593  3191 140165558676800 G   InterProcessBase::SecureNetworkCallbackHandle destroyed (RegistrationID: 73fe80b9-78d2-42c6-a703-0f4ea6e1e871)
2019/02/03 11:55:05.593  3191 140165558676800 G   interprocessbase::SecureNetwork destroyed
2019/02/03 11:55:05.595  3191 140165558676800 G   Shutting down System DBus
